<?xml version="1.0" encoding="UTF-8"?>
<!-- Generated by org.testng.reporters.JUnitReportReporter -->
<testsuite hostname="TSS167" name="com.executer.ExecuteTest" tests="3" failures="0" timestamp="24 May 2017 05:28:33 GMT" time="48.707" errors="0">
  <testcase name="submitFeedback" time="15.335" classname="com.executer.ExecuteTest"/>
  <testcase name="inviteFriend" time="3.060" classname="com.executer.ExecuteTest"/>
  <testcase name="login" time="30.312" classname="com.executer.ExecuteTest"/>
</testsuite> <!-- com.executer.ExecuteTest -->
