<?xml version="1.0" encoding="UTF-8"?>
<!-- Generated by org.testng.reporters.JUnitReportReporter -->
<testsuite hostname="TSS167" name="com.executer.ExecuteTest" tests="3" failures="0" timestamp="25 May 2017 05:27:16 GMT" time="31.234" errors="0">
  <testcase name="login" time="14.107" classname="com.executer.ExecuteTest"/>
  <testcase name="inviteFriend" time="2.733" classname="com.executer.ExecuteTest"/>
  <testcase name="submitFeedback" time="14.394" classname="com.executer.ExecuteTest"/>
</testsuite> <!-- com.executer.ExecuteTest -->
