<?xml version="1.0" encoding="UTF-8"?>
<!-- Generated by org.testng.reporters.JUnitReportReporter -->
<testsuite hostname="TSS167" name="pom.mytest.ExecuteTest" tests="1" failures="0" timestamp="5 May 2017 13:53:52 GMT" time="9.032" errors="0">
  <testcase name="submitFeedback" time="9.032" classname="pom.mytest.ExecuteTest"/>
</testsuite> <!-- pom.mytest.ExecuteTest -->
