<?xml version="1.0" encoding="UTF-8"?>
<!-- Generated by org.testng.reporters.JUnitReportReporter -->
<testsuite hostname="narendrasingh" name="com.executer.ExecuteTest" tests="3" failures="0" timestamp="16 May 2017 19:00:46 GMT" time="84.676" errors="0">
  <testcase name="inviteFriend" time="7.050" classname="com.executer.ExecuteTest"/>
  <testcase name="login" time="38.091" classname="com.executer.ExecuteTest"/>
  <testcase name="submitFeedback" time="39.535" classname="com.executer.ExecuteTest"/>
</testsuite> <!-- com.executer.ExecuteTest -->
